<?xml version="1.0" encoding="UTF-8"?>
<!-- Generated by org.testng.reporters.JUnitXMLReporter -->
<testsuite ignored="0" hostname="QSP" failures="0" tests="4" name="Test" time="0.248" errors="0" timestamp="2021-12-12T09:32:17 IST">
  <testcase classname="scripts.Testacse1" name="tc1" time="0.04"/>
  <testcase classname="scripts.Testacse4" name="tc4" time="0.003"/>
  <testcase classname="scripts.Testacse2" name="tc2" time="0.01"/>
  <testcase classname="scripts.Testacse3" name="tc3" time="0.006"/>
</testsuite> <!-- Test -->
