<?xml version="1.0" encoding="UTF-8"?>
<testng-results ignored="0" total="4" passed="4" failed="0" skipped="0">
  <reporter-output>
    <line>
      <![CDATA[Hello java]]>
    </line>
    <line>
      <![CDATA[Hello API]]>
    </line>
    <line>
      <![CDATA[Hello Selenium]]>
    </line>
    <line>
      <![CDATA[Hello Python]]>
    </line>
  </reporter-output>
  <suite started-at="2021-12-12T09:32:16 IST" name="Suite" finished-at="2021-12-12T09:32:17 IST" duration-ms="248">
    <groups>
    </groups>
    <test started-at="2021-12-12T09:32:16 IST" name="Test" finished-at="2021-12-12T09:32:17 IST" duration-ms="248">
      <class name="scripts.Testacse1">
        <test-method signature="tc1()[pri:0, instance:scripts.Testacse1@574b560f]" started-at="2021-12-12T09:32:16 IST" name="tc1" finished-at="2021-12-12T09:32:16 IST" duration-ms="40" status="PASS">
          <reporter-output>
            <line>
              <![CDATA[Hello java]]>
            </line>
          </reporter-output>
        </test-method> <!-- tc1 -->
      </class> <!-- scripts.Testacse1 -->
      <class name="scripts.Testacse2">
        <test-method signature="tc2()[pri:0, instance:scripts.Testacse2@28975c28]" started-at="2021-12-12T09:32:16 IST" name="tc2" finished-at="2021-12-12T09:32:16 IST" duration-ms="10" status="PASS">
          <reporter-output>
            <line>
              <![CDATA[Hello Selenium]]>
            </line>
          </reporter-output>
        </test-method> <!-- tc2 -->
      </class> <!-- scripts.Testacse2 -->
      <class name="scripts.Testacse3">
        <test-method signature="tc3()[pri:0, instance:scripts.Testacse3@3943a2be]" started-at="2021-12-12T09:32:16 IST" name="tc3" finished-at="2021-12-12T09:32:17 IST" duration-ms="6" status="PASS">
          <reporter-output>
            <line>
              <![CDATA[Hello Python]]>
            </line>
          </reporter-output>
        </test-method> <!-- tc3 -->
      </class> <!-- scripts.Testacse3 -->
      <class name="scripts.Testacse4">
        <test-method signature="tc4()[pri:0, instance:scripts.Testacse4@ba54932]" started-at="2021-12-12T09:32:16 IST" name="tc4" finished-at="2021-12-12T09:32:16 IST" duration-ms="3" status="PASS">
          <reporter-output>
            <line>
              <![CDATA[Hello API]]>
            </line>
          </reporter-output>
        </test-method> <!-- tc4 -->
      </class> <!-- scripts.Testacse4 -->
    </test> <!-- Test -->
  </suite> <!-- Suite -->
</testng-results>
